<?xml version="1.0" encoding="UTF-8"?>
<testng-results total="2" passed="1" failed="1" skipped="0">
  <reporter-output>
  </reporter-output>
  <suite started-at="2020-02-03T15:21:40Z" name="Default suite" finished-at="2020-02-03T15:21:42Z" duration-ms="2455">
    <groups>
      <group name="cucumber">
        <method signature="TestRunner.feature(cucumber.api.testng.CucumberFeatureWrapper)[pri:0, instance:TestRunner@7d0b7e3c]" name="feature" class="TestRunner"/>
      </group> <!-- cucumber -->
    </groups>
    <test started-at="2020-02-03T15:21:40Z" name="Default test" finished-at="2020-02-03T15:21:42Z" duration-ms="2455">
      <class name="TestRunner">
        <test-method is-config="true" signature="setUpClass()[pri:0, instance:TestRunner@7d0b7e3c]" started-at="2020-02-03T16:21:40Z" name="setUpClass" finished-at="2020-02-03T16:21:41Z" duration-ms="1361" status="PASS">
          <reporter-output>
          </reporter-output>
        </test-method> <!-- setUpClass -->
        <test-method signature="feature(cucumber.api.testng.CucumberFeatureWrapper)[pri:0, instance:TestRunner@7d0b7e3c]" started-at="2020-02-03T16:21:41Z" name="feature" description="Runs Cucumber Feature" data-provider="features" finished-at="2020-02-03T16:21:42Z" duration-ms="997" status="PASS">
          <params>
            <param index="0">
              <value>
                <![CDATA[modifier l'adresse d'un abonné?]]>
              </value>
            </param>
          </params>
          <reporter-output>
          </reporter-output>
        </test-method> <!-- feature -->
        <test-method signature="modificationAdresse()[pri:0, instance:TestRunner@7d0b7e3c]" started-at="2020-02-03T16:21:42Z" name="modificationAdresse" finished-at="2020-02-03T16:21:42Z" duration-ms="1" status="FAIL">
          <exception class="java.lang.Error">
            <message>
              <![CDATA[Unresolved compilation problems: 
	The method updateAdresse(boolean, String, String, String, int) in the type IAdresseDao is not applicable for the arguments (Adresse)
	The method updateAdresse(boolean, String, String, String, int) in the type IAdresseDao is not applicable for the arguments (Adresse)
	Type mismatch: cannot convert from int to Adresse
	Type mismatch: cannot convert from int to Adresse
]]>
            </message>
            <full-stacktrace>
              <![CDATA[java.lang.Error: Unresolved compilation problems: 
	The method updateAdresse(boolean, String, String, String, int) in the type IAdresseDao is not applicable for the arguments (Adresse)
	The method updateAdresse(boolean, String, String, String, int) in the type IAdresseDao is not applicable for the arguments (Adresse)
	Type mismatch: cannot convert from int to Adresse
	Type mismatch: cannot convert from int to Adresse

	at TestRunner.modificationAdresse(TestRunner.java:94)
	at java.base/jdk.internal.reflect.NativeMethodAccessorImpl.invoke0(Native Method)
	at java.base/jdk.internal.reflect.NativeMethodAccessorImpl.invoke(Unknown Source)
	at java.base/jdk.internal.reflect.DelegatingMethodAccessorImpl.invoke(Unknown Source)
	at java.base/java.lang.reflect.Method.invoke(Unknown Source)
	at org.testng.internal.MethodInvocationHelper.invokeMethod(MethodInvocationHelper.java:86)
	at org.testng.internal.Invoker.invokeMethod(Invoker.java:643)
	at org.testng.internal.Invoker.invokeTestMethod(Invoker.java:820)
	at org.testng.internal.Invoker.invokeTestMethods(Invoker.java:1128)
	at org.testng.internal.TestMethodWorker.invokeTestMethods(TestMethodWorker.java:129)
	at org.testng.internal.TestMethodWorker.run(TestMethodWorker.java:112)
	at org.testng.TestRunner.privateRun(TestRunner.java:782)
	at org.testng.TestRunner.run(TestRunner.java:632)
	at org.testng.SuiteRunner.runTest(SuiteRunner.java:366)
	at org.testng.SuiteRunner.runSequentially(SuiteRunner.java:361)
	at org.testng.SuiteRunner.privateRun(SuiteRunner.java:319)
	at org.testng.SuiteRunner.run(SuiteRunner.java:268)
	at org.testng.SuiteRunnerWorker.runSuite(SuiteRunnerWorker.java:52)
	at org.testng.SuiteRunnerWorker.run(SuiteRunnerWorker.java:86)
	at org.testng.TestNG.runSuitesSequentially(TestNG.java:1244)
	at org.testng.TestNG.runSuitesLocally(TestNG.java:1169)
	at org.testng.TestNG.run(TestNG.java:1064)
	at org.testng.remote.AbstractRemoteTestNG.run(AbstractRemoteTestNG.java:115)
	at org.testng.remote.RemoteTestNG.initAndRun(RemoteTestNG.java:251)
	at org.testng.remote.RemoteTestNG.main(RemoteTestNG.java:77)
]]>
            </full-stacktrace>
          </exception> <!-- java.lang.Error -->
          <reporter-output>
          </reporter-output>
        </test-method> <!-- modificationAdresse -->
        <test-method is-config="true" signature="tearDownClass()[pri:0, instance:TestRunner@7d0b7e3c]" started-at="2020-02-03T16:21:42Z" name="tearDownClass" finished-at="2020-02-03T16:21:42Z" duration-ms="13" status="PASS">
          <reporter-output>
          </reporter-output>
        </test-method> <!-- tearDownClass -->
      </class> <!-- TestRunner -->
    </test> <!-- Default test -->
  </suite> <!-- Default suite -->
</testng-results>
